
signal (2): Interrupt
in expression starting at /home/shreyas-kowshik/scp_GSoC/pix2pix/src/train.jl:139
jl_isa at /buildworker/worker/package_linux64/build/src/subtype.c:1264
jl_typemap_entry_assoc_exact at /buildworker/worker/package_linux64/build/src/typemap.c:169
jl_typemap_assoc_exact at /buildworker/worker/package_linux64/build/src/julia_internal.h:923 [inlined]
jl_typemap_level_assoc_exact at /buildworker/worker/package_linux64/build/src/typemap.c:829
jl_typemap_assoc_exact at /buildworker/worker/package_linux64/build/src/julia_internal.h:927 [inlined]
jl_lookup_generic_ at /buildworker/worker/package_linux64/build/src/gf.c:2169 [inlined]
jl_apply_generic at /buildworker/worker/package_linux64/build/src/gf.c:2215
jl_apply at /buildworker/worker/package_linux64/build/src/julia.h:1571 [inlined]
jl_f__apply at /buildworker/worker/package_linux64/build/src/builtins.c:494
reinterpret_ at /home/shreyas-kowshik/.julia/packages/BSON/XPZLD/src/extensions.jl:62 [inlined]
lower at /home/shreyas-kowshik/.julia/packages/BSON/XPZLD/src/extensions.jl:67
_lower_recursive at /home/shreyas-kowshik/.julia/packages/BSON/XPZLD/src/write.jl:62
#7 at /home/shreyas-kowshik/.julia/packages/BSON/XPZLD/src/write.jl:62
jl_apply_generic at /buildworker/worker/package_linux64/build/src/gf.c:2219
applychildren! at /home/shreyas-kowshik/.julia/packages/BSON/XPZLD/src/BSON.jl:28
_lower_recursive at /home/shreyas-kowshik/.julia/packages/BSON/XPZLD/src/write.jl:62
#7 at /home/shreyas-kowshik/.julia/packages/BSON/XPZLD/src/write.jl:62
jl_apply_generic at /buildworker/worker/package_linux64/build/src/gf.c:2219
applychildren! at /home/shreyas-kowshik/.julia/packages/BSON/XPZLD/src/BSON.jl:21
_lower_recursive at /home/shreyas-kowshik/.julia/packages/BSON/XPZLD/src/write.jl:62
#7 at /home/shreyas-kowshik/.julia/packages/BSON/XPZLD/src/write.jl:62
jl_apply_generic at /buildworker/worker/package_linux64/build/src/gf.c:2219
applychildren! at /home/shreyas-kowshik/.julia/packages/BSON/XPZLD/src/BSON.jl:28
_lower_recursive at /home/shreyas-kowshik/.julia/packages/BSON/XPZLD/src/write.jl:62
#7 at /home/shreyas-kowshik/.julia/packages/BSON/XPZLD/src/write.jl:62
jl_apply_generic at /buildworker/worker/package_linux64/build/src/gf.c:2219
applychildren! at /home/shreyas-kowshik/.julia/packages/BSON/XPZLD/src/BSON.jl:21
_lower_recursive at /home/shreyas-kowshik/.julia/packages/BSON/XPZLD/src/write.jl:62
#7 at /home/shreyas-kowshik/.julia/packages/BSON/XPZLD/src/write.jl:62
jl_apply_generic at /buildworker/worker/package_linux64/build/src/gf.c:2219
applychildren! at /home/shreyas-kowshik/.julia/packages/BSON/XPZLD/src/BSON.jl:28
_lower_recursive at /home/shreyas-kowshik/.julia/packages/BSON/XPZLD/src/write.jl:62
#7 at /home/shreyas-kowshik/.julia/packages/BSON/XPZLD/src/write.jl:62
jl_apply_generic at /buildworker/worker/package_linux64/build/src/gf.c:2219
applychildren! at /home/shreyas-kowshik/.julia/packages/BSON/XPZLD/src/BSON.jl:21
_lower_recursive at /home/shreyas-kowshik/.julia/packages/BSON/XPZLD/src/write.jl:62
#7 at /home/shreyas-kowshik/.julia/packages/BSON/XPZLD/src/write.jl:62
jl_apply_generic at /buildworker/worker/package_linux64/build/src/gf.c:2219
applychildren! at /home/shreyas-kowshik/.julia/packages/BSON/XPZLD/src/BSON.jl:28
_lower_recursive at /home/shreyas-kowshik/.julia/packages/BSON/XPZLD/src/write.jl:62
#7 at /home/shreyas-kowshik/.julia/packages/BSON/XPZLD/src/write.jl:62
jl_apply_generic at /buildworker/worker/package_linux64/build/src/gf.c:2219
applychildren! at /home/shreyas-kowshik/.julia/packages/BSON/XPZLD/src/BSON.jl:21
_lower_recursive at /home/shreyas-kowshik/.julia/packages/BSON/XPZLD/src/write.jl:62
#7 at /home/shreyas-kowshik/.julia/packages/BSON/XPZLD/src/write.jl:62
jl_apply_generic at /buildworker/worker/package_linux64/build/src/gf.c:2219
applychildren! at /home/shreyas-kowshik/.julia/packages/BSON/XPZLD/src/BSON.jl:28
_lower_recursive at /home/shreyas-kowshik/.julia/packages/BSON/XPZLD/src/write.jl:62
#7 at /home/shreyas-kowshik/.julia/packages/BSON/XPZLD/src/write.jl:62
jl_apply_generic at /buildworker/worker/package_linux64/build/src/gf.c:2219
applychildren! at /home/shreyas-kowshik/.julia/packages/BSON/XPZLD/src/BSON.jl:21
_lower_recursive at /home/shreyas-kowshik/.julia/packages/BSON/XPZLD/src/write.jl:62
#7 at /home/shreyas-kowshik/.julia/packages/BSON/XPZLD/src/write.jl:62
jl_fptr_trampoline at /buildworker/worker/package_linux64/build/src/gf.c:1864
jl_apply_generic at /buildworker/worker/package_linux64/build/src/gf.c:2219
applychildren! at /home/shreyas-kowshik/.julia/packages/BSON/XPZLD/src/BSON.jl:28
_lower_recursive at /home/shreyas-kowshik/.julia/packages/BSON/XPZLD/src/write.jl:62
#7 at /home/shreyas-kowshik/.julia/packages/BSON/XPZLD/src/write.jl:62
jl_apply_generic at /buildworker/worker/package_linux64/build/src/gf.c:2219
applychildren! at /home/shreyas-kowshik/.julia/packages/BSON/XPZLD/src/BSON.jl:21
_lower_recursive at /home/shreyas-kowshik/.julia/packages/BSON/XPZLD/src/write.jl:62
#7 at /home/shreyas-kowshik/.julia/packages/BSON/XPZLD/src/write.jl:62
jl_fptr_trampoline at /buildworker/worker/package_linux64/build/src/gf.c:1864
jl_apply_generic at /buildworker/worker/package_linux64/build/src/gf.c:2219
applychildren! at /home/shreyas-kowshik/.julia/packages/BSON/XPZLD/src/BSON.jl:21
jl_fptr_trampoline at /buildworker/worker/package_linux64/build/src/gf.c:1864
jl_apply_generic at /buildworker/worker/package_linux64/build/src/gf.c:2219
_lower_recursive at /home/shreyas-kowshik/.julia/packages/BSON/XPZLD/src/write.jl:62
lower_recursive at /home/shreyas-kowshik/.julia/packages/BSON/XPZLD/src/write.jl:73
bson at /home/shreyas-kowshik/.julia/packages/BSON/XPZLD/src/write.jl:81
#14 at /home/shreyas-kowshik/.julia/packages/BSON/XPZLD/src/write.jl:83 [inlined]
#open#310 at ./iostream.jl:369
jl_fptr_trampoline at /buildworker/worker/package_linux64/build/src/gf.c:1864
jl_apply_generic at /buildworker/worker/package_linux64/build/src/gf.c:2219
open at ./iostream.jl:367 [inlined]
bson at /home/shreyas-kowshik/.julia/packages/BSON/XPZLD/src/write.jl:83
jl_fptr_trampoline at /buildworker/worker/package_linux64/build/src/gf.c:1864
jl_apply_generic at /buildworker/worker/package_linux64/build/src/gf.c:2219
save_weights at /home/shreyas-kowshik/scp_GSoC/pix2pix/src/train.jl:115
jl_fptr_trampoline at /buildworker/worker/package_linux64/build/src/gf.c:1864
jl_apply_generic at /buildworker/worker/package_linux64/build/src/gf.c:2219
train at /home/shreyas-kowshik/scp_GSoC/pix2pix/src/train.jl:136
jl_fptr_trampoline at /buildworker/worker/package_linux64/build/src/gf.c:1864
jl_apply_generic at /buildworker/worker/package_linux64/build/src/gf.c:2219
do_call at /buildworker/worker/package_linux64/build/src/interpreter.c:323
eval_value at /buildworker/worker/package_linux64/build/src/interpreter.c:411
eval_stmt_value at /buildworker/worker/package_linux64/build/src/interpreter.c:362 [inlined]
eval_body at /buildworker/worker/package_linux64/build/src/interpreter.c:773
jl_interpret_toplevel_thunk_callback at /buildworker/worker/package_linux64/build/src/interpreter.c:885
unknown function (ip: 0xfffffffffffffffe)
unknown function (ip: 0x7fe6b48bf4df)
unknown function (ip: 0xffffffffffffffff)
jl_interpret_toplevel_thunk at /buildworker/worker/package_linux64/build/src/interpreter.c:894
jl_toplevel_eval_flex at /buildworker/worker/package_linux64/build/src/toplevel.c:764
jl_parse_eval_all at /buildworker/worker/package_linux64/build/src/ast.c:883
jl_load at /buildworker/worker/package_linux64/build/src/toplevel.c:826
include at ./boot.jl:326 [inlined]
include_relative at ./loading.jl:1038
include at ./sysimg.jl:29
jl_apply_generic at /buildworker/worker/package_linux64/build/src/gf.c:2219
exec_options at ./client.jl:267
_start at ./client.jl:436
jl_apply_generic at /buildworker/worker/package_linux64/build/src/gf.c:2219
unknown function (ip: 0x40191d)
unknown function (ip: 0x401523)
__libc_start_main at /build/glibc-B9XfQf/glibc-2.28/csu/../csu/libc-start.c:308
unknown function (ip: 0x4015c4)
unknown function (ip: 0xffffffffffffffff)
Allocations: 797250353 (Pool: 797163514; Big: 86839); GC: 15103
Loaded Data
Loaded Models
Training...
-----------Epoch : 1-----------
--- Verbose Step : 0 ---
Gen Loss : 9.6181345f0 (tracked)
DisA Loss : 0.4182689f0 (tracked)
-----------Epoch : 2-----------
-----------Epoch : 3-----------
-----------Epoch : 4-----------
-----------Epoch : 5-----------
-----------Epoch : 6-----------
-----------Epoch : 7-----------
-----------Epoch : 8-----------
-----------Epoch : 9-----------
-----------Epoch : 10-----------
-----------Epoch : 11-----------
--- Verbose Step : 10 ---
Gen Loss : 8.781367f0 (tracked)
DisA Loss : 0.61160415f0 (tracked)
-----------Epoch : 12-----------
-----------Epoch : 13-----------
-----------Epoch : 14-----------
-----------Epoch : 15-----------
-----------Epoch : 16-----------
-----------Epoch : 17-----------
-----------Epoch : 18-----------
-----------Epoch : 19-----------
-----------Epoch : 20-----------
-----------Epoch : 21-----------
--- Verbose Step : 20 ---
Gen Loss : 8.523154f0 (tracked)
DisA Loss : 0.5914309f0 (tracked)
-----------Epoch : 22-----------
-----------Epoch : 23-----------
-----------Epoch : 24-----------
-----------Epoch : 25-----------
-----------Epoch : 26-----------
-----------Epoch : 27-----------
-----------Epoch : 28-----------
-----------Epoch : 29-----------
-----------Epoch : 30-----------
-----------Epoch : 31-----------
--- Verbose Step : 30 ---
Gen Loss : 7.9275675f0 (tracked)
DisA Loss : 0.5635112f0 (tracked)
-----------Epoch : 32-----------
-----------Epoch : 33-----------
-----------Epoch : 34-----------
-----------Epoch : 35-----------
-----------Epoch : 36-----------
-----------Epoch : 37-----------
-----------Epoch : 38-----------
-----------Epoch : 39-----------
-----------Epoch : 40-----------
-----------Epoch : 41-----------
--- Verbose Step : 40 ---
Gen Loss : 7.2509274f0 (tracked)
DisA Loss : 0.5938027f0 (tracked)
-----------Epoch : 42-----------
-----------Epoch : 43-----------
-----------Epoch : 44-----------
-----------Epoch : 45-----------
-----------Epoch : 46-----------
-----------Epoch : 47-----------
-----------Epoch : 48-----------
-----------Epoch : 49-----------
-----------Epoch : 50-----------
-----------Epoch : 51-----------
--- Verbose Step : 50 ---
Gen Loss : 6.7939568f0 (tracked)
DisA Loss : 0.5884595f0 (tracked)
-----------Epoch : 52-----------
-----------Epoch : 53-----------
-----------Epoch : 54-----------
-----------Epoch : 55-----------
-----------Epoch : 56-----------
-----------Epoch : 57-----------
-----------Epoch : 58-----------
-----------Epoch : 59-----------
-----------Epoch : 60-----------
-----------Epoch : 61-----------
--- Verbose Step : 60 ---
Gen Loss : 6.4883685f0 (tracked)
DisA Loss : 0.5616687f0 (tracked)
-----------Epoch : 62-----------
-----------Epoch : 63-----------
-----------Epoch : 64-----------
-----------Epoch : 65-----------
-----------Epoch : 66-----------
-----------Epoch : 67-----------
-----------Epoch : 68-----------
-----------Epoch : 69-----------
-----------Epoch : 70-----------
-----------Epoch : 71-----------
--- Verbose Step : 70 ---
Gen Loss : 6.2439094f0 (tracked)
DisA Loss : 0.5827612f0 (tracked)
-----------Epoch : 72-----------
-----------Epoch : 73-----------
-----------Epoch : 74-----------
-----------Epoch : 75-----------
-----------Epoch : 76-----------
-----------Epoch : 77-----------
-----------Epoch : 78-----------
-----------Epoch : 79-----------
-----------Epoch : 80-----------
-----------Epoch : 81-----------
--- Verbose Step : 80 ---
Gen Loss : 6.0587296f0 (tracked)
DisA Loss : 0.6070683f0 (tracked)
-----------Epoch : 82-----------
-----------Epoch : 83-----------
-----------Epoch : 84-----------
-----------Epoch : 85-----------
-----------Epoch : 86-----------
-----------Epoch : 87-----------
-----------Epoch : 88-----------
-----------Epoch : 89-----------
-----------Epoch : 90-----------
-----------Epoch : 91-----------
--- Verbose Step : 90 ---
Gen Loss : 5.935714f0 (tracked)
DisA Loss : 0.58806187f0 (tracked)
-----------Epoch : 92-----------
-----------Epoch : 93-----------
-----------Epoch : 94-----------
-----------Epoch : 95-----------
-----------Epoch : 96-----------
-----------Epoch : 97-----------
-----------Epoch : 98-----------
-----------Epoch : 99-----------
-----------Epoch : 100-----------
-----------Epoch : 101-----------
--- Verbose Step : 100 ---
Gen Loss : 5.8252573f0 (tracked)
DisA Loss : 0.60256845f0 (tracked)
-----------Epoch : 102-----------
-----------Epoch : 103-----------
-----------Epoch : 104-----------
-----------Epoch : 105-----------
-----------Epoch : 106-----------
-----------Epoch : 107-----------
-----------Epoch : 108-----------
-----------Epoch : 109-----------
-----------Epoch : 110-----------
-----------Epoch : 111-----------
--- Verbose Step : 110 ---
Gen Loss : 5.71637f0 (tracked)
DisA Loss : 0.58895874f0 (tracked)
-----------Epoch : 112-----------
-----------Epoch : 113-----------
-----------Epoch : 114-----------
-----------Epoch : 115-----------
-----------Epoch : 116-----------
-----------Epoch : 117-----------
-----------Epoch : 118-----------
-----------Epoch : 119-----------
-----------Epoch : 120-----------
-----------Epoch : 121-----------
--- Verbose Step : 120 ---
Gen Loss : 5.6216173f0 (tracked)
DisA Loss : 0.58827823f0 (tracked)
-----------Epoch : 122-----------
-----------Epoch : 123-----------
-----------Epoch : 124-----------
-----------Epoch : 125-----------
-----------Epoch : 126-----------
-----------Epoch : 127-----------
-----------Epoch : 128-----------
-----------Epoch : 129-----------
-----------Epoch : 130-----------
-----------Epoch : 131-----------
--- Verbose Step : 130 ---
Gen Loss : 5.5345716f0 (tracked)
DisA Loss : 0.59575087f0 (tracked)
-----------Epoch : 132-----------
-----------Epoch : 133-----------
-----------Epoch : 134-----------
-----------Epoch : 135-----------
-----------Epoch : 136-----------
-----------Epoch : 137-----------
-----------Epoch : 138-----------
-----------Epoch : 139-----------
-----------Epoch : 140-----------
-----------Epoch : 141-----------
--- Verbose Step : 140 ---
Gen Loss : 5.4471173f0 (tracked)
DisA Loss : 0.58676285f0 (tracked)
-----------Epoch : 142-----------
-----------Epoch : 143-----------
-----------Epoch : 144-----------
-----------Epoch : 145-----------
-----------Epoch : 146-----------
-----------Epoch : 147-----------
-----------Epoch : 148-----------
-----------Epoch : 149-----------
-----------Epoch : 150-----------
-----------Epoch : 151-----------
--- Verbose Step : 150 ---
Gen Loss : 5.368773f0 (tracked)
DisA Loss : 0.5871136f0 (tracked)
-----------Epoch : 152-----------
-----------Epoch : 153-----------
-----------Epoch : 154-----------
-----------Epoch : 155-----------
-----------Epoch : 156-----------
-----------Epoch : 157-----------
-----------Epoch : 158-----------
-----------Epoch : 159-----------
-----------Epoch : 160-----------
-----------Epoch : 161-----------
--- Verbose Step : 160 ---
Gen Loss : 5.2898383f0 (tracked)
DisA Loss : 0.5853743f0 (tracked)
-----------Epoch : 162-----------
-----------Epoch : 163-----------
-----------Epoch : 164-----------
-----------Epoch : 165-----------
-----------Epoch : 166-----------
-----------Epoch : 167-----------
-----------Epoch : 168-----------
-----------Epoch : 169-----------
-----------Epoch : 170-----------
-----------Epoch : 171-----------
--- Verbose Step : 170 ---
Gen Loss : 5.2152133f0 (tracked)
DisA Loss : 0.5871087f0 (tracked)
-----------Epoch : 172-----------
-----------Epoch : 173-----------
-----------Epoch : 174-----------
-----------Epoch : 175-----------
-----------Epoch : 176-----------
-----------Epoch : 177-----------
-----------Epoch : 178-----------
-----------Epoch : 179-----------
-----------Epoch : 180-----------
-----------Epoch : 181-----------
--- Verbose Step : 180 ---
Gen Loss : 5.139637f0 (tracked)
DisA Loss : 0.58793026f0 (tracked)
-----------Epoch : 182-----------
-----------Epoch : 183-----------
-----------Epoch : 184-----------
-----------Epoch : 185-----------
-----------Epoch : 186-----------
-----------Epoch : 187-----------
-----------Epoch : 188-----------
-----------Epoch : 189-----------
-----------Epoch : 190-----------
-----------Epoch : 191-----------
--- Verbose Step : 190 ---
Gen Loss : 5.0729957f0 (tracked)
DisA Loss : 0.5854364f0 (tracked)
-----------Epoch : 192-----------
-----------Epoch : 193-----------
-----------Epoch : 194-----------
-----------Epoch : 195-----------
-----------Epoch : 196-----------
-----------Epoch : 197-----------
-----------Epoch : 198-----------
-----------Epoch : 199-----------
-----------Epoch : 200-----------
-----------Epoch : 201-----------
--- Verbose Step : 200 ---
Gen Loss : 5.0053024f0 (tracked)
DisA Loss : 0.58241946f0 (tracked)
-----------Epoch : 202-----------
-----------Epoch : 203-----------
-----------Epoch : 204-----------
-----------Epoch : 205-----------
-----------Epoch : 206-----------
-----------Epoch : 207-----------
-----------Epoch : 208-----------
-----------Epoch : 209-----------
-----------Epoch : 210-----------
-----------Epoch : 211-----------
--- Verbose Step : 210 ---
Gen Loss : 4.9363294f0 (tracked)
DisA Loss : 0.58499855f0 (tracked)
-----------Epoch : 212-----------
-----------Epoch : 213-----------
-----------Epoch : 214-----------
-----------Epoch : 215-----------
-----------Epoch : 216-----------
-----------Epoch : 217-----------
-----------Epoch : 218-----------
-----------Epoch : 219-----------
-----------Epoch : 220-----------
-----------Epoch : 221-----------
--- Verbose Step : 220 ---
Gen Loss : 4.8745155f0 (tracked)
DisA Loss : 0.5862747f0 (tracked)
-----------Epoch : 222-----------
-----------Epoch : 223-----------
-----------Epoch : 224-----------
-----------Epoch : 225-----------
-----------Epoch : 226-----------
-----------Epoch : 227-----------
-----------Epoch : 228-----------
-----------Epoch : 229-----------
-----------Epoch : 230-----------
-----------Epoch : 231-----------
--- Verbose Step : 230 ---
Gen Loss : 4.8137817f0 (tracked)
DisA Loss : 0.5833077f0 (tracked)
-----------Epoch : 232-----------
-----------Epoch : 233-----------
-----------Epoch : 234-----------
-----------Epoch : 235-----------
-----------Epoch : 236-----------
-----------Epoch : 237-----------
-----------Epoch : 238-----------
-----------Epoch : 239-----------
-----------Epoch : 240-----------
-----------Epoch : 241-----------
--- Verbose Step : 240 ---
Gen Loss : 4.7565484f0 (tracked)
DisA Loss : 0.58572006f0 (tracked)
-----------Epoch : 242-----------
-----------Epoch : 243-----------
-----------Epoch : 244-----------
-----------Epoch : 245-----------
-----------Epoch : 246-----------
-----------Epoch : 247-----------
-----------Epoch : 248-----------
-----------Epoch : 249-----------
-----------Epoch : 250-----------
-----------Epoch : 251-----------
--- Verbose Step : 250 ---
Gen Loss : 4.696231f0 (tracked)
DisA Loss : 0.5812797f0 (tracked)
-----------Epoch : 252-----------
-----------Epoch : 253-----------
-----------Epoch : 254-----------
-----------Epoch : 255-----------
-----------Epoch : 256-----------
-----------Epoch : 257-----------
-----------Epoch : 258-----------
-----------Epoch : 259-----------
-----------Epoch : 260-----------
-----------Epoch : 261-----------
--- Verbose Step : 260 ---
Gen Loss : 4.6375813f0 (tracked)
DisA Loss : 0.5813136f0 (tracked)
-----------Epoch : 262-----------
-----------Epoch : 263-----------
-----------Epoch : 264-----------
-----------Epoch : 265-----------
-----------Epoch : 266-----------
-----------Epoch : 267-----------
-----------Epoch : 268-----------
-----------Epoch : 269-----------
-----------Epoch : 270-----------
-----------Epoch : 271-----------
--- Verbose Step : 270 ---
Gen Loss : 4.579367f0 (tracked)
DisA Loss : 0.58370495f0 (tracked)
-----------Epoch : 272-----------
-----------Epoch : 273-----------
-----------Epoch : 274-----------
-----------Epoch : 275-----------
-----------Epoch : 276-----------
-----------Epoch : 277-----------
-----------Epoch : 278-----------
-----------Epoch : 279-----------
-----------Epoch : 280-----------
-----------Epoch : 281-----------
--- Verbose Step : 280 ---
Gen Loss : 4.528709f0 (tracked)
DisA Loss : 0.58194226f0 (tracked)
-----------Epoch : 282-----------
-----------Epoch : 283-----------
-----------Epoch : 284-----------
-----------Epoch : 285-----------
-----------Epoch : 286-----------
-----------Epoch : 287-----------
-----------Epoch : 288-----------
-----------Epoch : 289-----------
-----------Epoch : 290-----------
-----------Epoch : 291-----------
--- Verbose Step : 290 ---
Gen Loss : 4.4753547f0 (tracked)
DisA Loss : 0.5816843f0 (tracked)
-----------Epoch : 292-----------
-----------Epoch : 293-----------
-----------Epoch : 294-----------
-----------Epoch : 295-----------
-----------Epoch : 296-----------
-----------Epoch : 297-----------
-----------Epoch : 298-----------
-----------Epoch : 299-----------
-----------Epoch : 300-----------
-----------Epoch : 301-----------
--- Verbose Step : 300 ---
Gen Loss : 4.420849f0 (tracked)
DisA Loss : 0.58206916f0 (tracked)
-----------Epoch : 302-----------
-----------Epoch : 303-----------
-----------Epoch : 304-----------
-----------Epoch : 305-----------
-----------Epoch : 306-----------
-----------Epoch : 307-----------
-----------Epoch : 308-----------
-----------Epoch : 309-----------
-----------Epoch : 310-----------
-----------Epoch : 311-----------
--- Verbose Step : 310 ---
Gen Loss : 4.361634f0 (tracked)
DisA Loss : 0.5795962f0 (tracked)
-----------Epoch : 312-----------
-----------Epoch : 313-----------
-----------Epoch : 314-----------
-----------Epoch : 315-----------
-----------Epoch : 316-----------
-----------Epoch : 317-----------
-----------Epoch : 318-----------
-----------Epoch : 319-----------
-----------Epoch : 320-----------
-----------Epoch : 321-----------
--- Verbose Step : 320 ---
Gen Loss : 4.3111696f0 (tracked)
DisA Loss : 0.5808058f0 (tracked)
-----------Epoch : 322-----------
-----------Epoch : 323-----------
-----------Epoch : 324-----------
-----------Epoch : 325-----------
-----------Epoch : 326-----------
-----------Epoch : 327-----------
-----------Epoch : 328-----------
-----------Epoch : 329-----------
-----------Epoch : 330-----------
-----------Epoch : 331-----------
--- Verbose Step : 330 ---
Gen Loss : 4.251731f0 (tracked)
DisA Loss : 0.5773706f0 (tracked)
-----------Epoch : 332-----------
-----------Epoch : 333-----------
-----------Epoch : 334-----------
-----------Epoch : 335-----------
-----------Epoch : 336-----------
-----------Epoch : 337-----------
-----------Epoch : 338-----------
-----------Epoch : 339-----------
-----------Epoch : 340-----------
-----------Epoch : 341-----------
--- Verbose Step : 340 ---
Gen Loss : 4.1980004f0 (tracked)
DisA Loss : 0.57929564f0 (tracked)
-----------Epoch : 342-----------
-----------Epoch : 343-----------
-----------Epoch : 344-----------
-----------Epoch : 345-----------
-----------Epoch : 346-----------
-----------Epoch : 347-----------
-----------Epoch : 348-----------
-----------Epoch : 349-----------
-----------Epoch : 350-----------
-----------Epoch : 351-----------
--- Verbose Step : 350 ---
Gen Loss : 4.143749f0 (tracked)
DisA Loss : 0.57813984f0 (tracked)
-----------Epoch : 352-----------
-----------Epoch : 353-----------
-----------Epoch : 354-----------
-----------Epoch : 355-----------
-----------Epoch : 356-----------
-----------Epoch : 357-----------
-----------Epoch : 358-----------
-----------Epoch : 359-----------
-----------Epoch : 360-----------
-----------Epoch : 361-----------
--- Verbose Step : 360 ---
Gen Loss : 4.0935435f0 (tracked)
DisA Loss : 0.57629323f0 (tracked)
-----------Epoch : 362-----------
-----------Epoch : 363-----------
-----------Epoch : 364-----------
-----------Epoch : 365-----------
-----------Epoch : 366-----------
-----------Epoch : 367-----------
-----------Epoch : 368-----------
-----------Epoch : 369-----------
-----------Epoch : 370-----------
-----------Epoch : 371-----------
--- Verbose Step : 370 ---
Gen Loss : 4.0460706f0 (tracked)
DisA Loss : 0.5823007f0 (tracked)
-----------Epoch : 372-----------
-----------Epoch : 373-----------
-----------Epoch : 374-----------
-----------Epoch : 375-----------
-----------Epoch : 376-----------
-----------Epoch : 377-----------
-----------Epoch : 378-----------
-----------Epoch : 379-----------
-----------Epoch : 380-----------
-----------Epoch : 381-----------
--- Verbose Step : 380 ---
Gen Loss : 3.9980822f0 (tracked)
DisA Loss : 0.57594997f0 (tracked)
-----------Epoch : 382-----------
-----------Epoch : 383-----------
-----------Epoch : 384-----------
-----------Epoch : 385-----------
-----------Epoch : 386-----------
-----------Epoch : 387-----------
-----------Epoch : 388-----------
-----------Epoch : 389-----------
-----------Epoch : 390-----------
-----------Epoch : 391-----------
--- Verbose Step : 390 ---
Gen Loss : 3.9492965f0 (tracked)
DisA Loss : 0.575996f0 (tracked)
-----------Epoch : 392-----------
-----------Epoch : 393-----------
-----------Epoch : 394-----------
-----------Epoch : 395-----------
-----------Epoch : 396-----------
-----------Epoch : 397-----------
-----------Epoch : 398-----------
-----------Epoch : 399-----------
-----------Epoch : 400-----------
-----------Epoch : 401-----------
--- Verbose Step : 400 ---
Gen Loss : 3.9074707f0 (tracked)
DisA Loss : 0.5765322f0 (tracked)
-----------Epoch : 402-----------
-----------Epoch : 403-----------
-----------Epoch : 404-----------
-----------Epoch : 405-----------
-----------Epoch : 406-----------
-----------Epoch : 407-----------
-----------Epoch : 408-----------
-----------Epoch : 409-----------
-----------Epoch : 410-----------
-----------Epoch : 411-----------
--- Verbose Step : 410 ---
Gen Loss : 3.8622363f0 (tracked)
DisA Loss : 0.57530636f0 (tracked)
-----------Epoch : 412-----------
-----------Epoch : 413-----------
-----------Epoch : 414-----------
-----------Epoch : 415-----------
-----------Epoch : 416-----------
-----------Epoch : 417-----------
-----------Epoch : 418-----------
-----------Epoch : 419-----------
-----------Epoch : 420-----------
-----------Epoch : 421-----------
--- Verbose Step : 420 ---
Gen Loss : 3.8186142f0 (tracked)
DisA Loss : 0.57566637f0 (tracked)
-----------Epoch : 422-----------
-----------Epoch : 423-----------
-----------Epoch : 424-----------
-----------Epoch : 425-----------
-----------Epoch : 426-----------
-----------Epoch : 427-----------
-----------Epoch : 428-----------
-----------Epoch : 429-----------
-----------Epoch : 430-----------
-----------Epoch : 431-----------
--- Verbose Step : 430 ---
Gen Loss : 3.7786016f0 (tracked)
DisA Loss : 0.57428926f0 (tracked)
-----------Epoch : 432-----------
-----------Epoch : 433-----------
-----------Epoch : 434-----------
-----------Epoch : 435-----------
-----------Epoch : 436-----------
-----------Epoch : 437-----------
-----------Epoch : 438-----------
-----------Epoch : 439-----------
-----------Epoch : 440-----------
-----------Epoch : 441-----------
--- Verbose Step : 440 ---
Gen Loss : 3.740477f0 (tracked)
DisA Loss : 0.5739127f0 (tracked)
-----------Epoch : 442-----------
-----------Epoch : 443-----------
-----------Epoch : 444-----------
-----------Epoch : 445-----------
-----------Epoch : 446-----------
-----------Epoch : 447-----------
-----------Epoch : 448-----------
-----------Epoch : 449-----------
-----------Epoch : 450-----------
-----------Epoch : 451-----------
--- Verbose Step : 450 ---
Gen Loss : 3.7004628f0 (tracked)
DisA Loss : 0.5737409f0 (tracked)
-----------Epoch : 452-----------
-----------Epoch : 453-----------
-----------Epoch : 454-----------
-----------Epoch : 455-----------
-----------Epoch : 456-----------
-----------Epoch : 457-----------
-----------Epoch : 458-----------
-----------Epoch : 459-----------
-----------Epoch : 460-----------
-----------Epoch : 461-----------
--- Verbose Step : 460 ---
Gen Loss : 3.661971f0 (tracked)
DisA Loss : 0.5737434f0 (tracked)
-----------Epoch : 462-----------
-----------Epoch : 463-----------
-----------Epoch : 464-----------
-----------Epoch : 465-----------
-----------Epoch : 466-----------
-----------Epoch : 467-----------
-----------Epoch : 468-----------
-----------Epoch : 469-----------
-----------Epoch : 470-----------
-----------Epoch : 471-----------
--- Verbose Step : 470 ---
Gen Loss : 3.6229498f0 (tracked)
DisA Loss : 0.5727408f0 (tracked)
-----------Epoch : 472-----------
-----------Epoch : 473-----------
-----------Epoch : 474-----------
-----------Epoch : 475-----------
-----------Epoch : 476-----------
-----------Epoch : 477-----------
-----------Epoch : 478-----------
-----------Epoch : 479-----------
-----------Epoch : 480-----------
-----------Epoch : 481-----------
--- Verbose Step : 480 ---
Gen Loss : 3.583312f0 (tracked)
DisA Loss : 0.57199526f0 (tracked)
-----------Epoch : 482-----------
-----------Epoch : 483-----------
-----------Epoch : 484-----------
-----------Epoch : 485-----------
-----------Epoch : 486-----------
-----------Epoch : 487-----------
-----------Epoch : 488-----------
-----------Epoch : 489-----------
-----------Epoch : 490-----------
-----------Epoch : 491-----------
--- Verbose Step : 490 ---
Gen Loss : 3.5467288f0 (tracked)
DisA Loss : 0.5716606f0 (tracked)
-----------Epoch : 492-----------
-----------Epoch : 493-----------
-----------Epoch : 494-----------
-----------Epoch : 495-----------
-----------Epoch : 496-----------
-----------Epoch : 497-----------
-----------Epoch : 498-----------
-----------Epoch : 499-----------
-----------Epoch : 500-----------
Loaded Generator
Loaded Generator
Loaded Data
Loaded Models
Training...
-----------Epoch : 1-----------
--- Verbose Step : 0 ---
Gen Loss : 9.694285f0 (tracked)
DisA Loss : 0.39153f0 (tracked)
